[NX Daemon Server] - 2024-09-12T09:38:54.384Z - Started listening on: \\.\pipe\nx\C:\Users\DATIEN~1.MID\AppData\Local\Temp\447ecf1033cbfd864a55\d.sock
[NX Daemon Server] - 2024-09-12T09:38:54.398Z - [WATCHER]: Subscribed to changes within: c:\Users\datienza.MID_OCEAN\Desktop\projects\BatStateUOE\oeas (native)
[NX Daemon Server] - 2024-09-12T09:38:54.403Z - Established a connection. Number of open connections: 1
[NX Daemon Server] - 2024-09-12T09:38:54.405Z - Established a connection. Number of open connections: 2
[NX Daemon Server] - 2024-09-12T09:38:54.413Z - Closed a connection. Number of open connections: 1
[NX Daemon Server] - 2024-09-12T09:38:54.418Z - [REQUEST]: Client Request for Project Graph Received
[NX Daemon Server] - 2024-09-12T09:38:57.657Z - [REQUEST]: Updated workspace context based on watched changes, recomputing project graph...
[NX Daemon Server] - 2024-09-12T09:38:57.658Z - [REQUEST]: 
[NX Daemon Server] - 2024-09-12T09:38:57.658Z - [REQUEST]: 
[NX Daemon Server] - 2024-09-12T09:38:57.713Z - Time taken for 'loadNxPlugins' 3233.1654000000003ms
[NX Daemon Server] - 2024-09-12T09:38:57.834Z - Time taken for 'build-project-configs' 88.7501000000002ms
[NX Daemon Server] - 2024-09-12T09:38:59.357Z - [SYNC]: collect registered sync generators
[NX Daemon Server] - 2024-09-12T09:38:59.360Z - [REQUEST]: Responding to the client. project-graph
[NX Daemon Server] - 2024-09-12T09:38:59.364Z - Time taken for 'total for creating and serializing project graph' 4941.019399999999ms
[NX Daemon Server] - 2024-09-12T09:38:59.365Z - Done responding to the client project-graph
[NX Daemon Server] - 2024-09-12T09:38:59.365Z - Handled REQUEST_PROJECT_GRAPH. Handling time: 4941. Response time: 6.
[NX Daemon Server] - 2024-09-12T09:38:59.382Z - [REQUEST]: Responding to the client. handleContextFileData
[NX Daemon Server] - 2024-09-12T09:38:59.383Z - Done responding to the client handleContextFileData
[NX Daemon Server] - 2024-09-12T09:38:59.383Z - Handled GET_CONTEXT_FILE_DATA. Handling time: 2. Response time: 1.
[NX Daemon Server] - 2024-09-12T09:38:59.391Z - Closed a connection. Number of open connections: 0
